0 info it worked if it ends with ok
1 verbose cli [ '/usr/bin/nodejs', '/usr/bin/npm', 'publish' ]
2 info using npm@1.3.10
3 info using node@v0.10.25
4 verbose publish [ '.' ]
5 verbose cache add [ '.', null ]
6 verbose cache add name=undefined spec="." args=[".",null]
7 verbose parsed url { protocol: null,
7 verbose parsed url   slashes: null,
7 verbose parsed url   auth: null,
7 verbose parsed url   host: null,
7 verbose parsed url   port: null,
7 verbose parsed url   hostname: null,
7 verbose parsed url   hash: null,
7 verbose parsed url   search: null,
7 verbose parsed url   query: null,
7 verbose parsed url   pathname: '.',
7 verbose parsed url   path: '.',
7 verbose parsed url   href: '.' }
8 silly lockFile 3a52ce78- .
9 verbose lock . /home/ubuntu/.npm/3a52ce78-.lock
10 verbose tar pack [ '/home/ubuntu/tmp/npm-16776-sLGLQ-zc/1455309513372-0.9402745941188186/tmp.tgz',
10 verbose tar pack   '.' ]
11 verbose tarball /home/ubuntu/tmp/npm-16776-sLGLQ-zc/1455309513372-0.9402745941188186/tmp.tgz
12 verbose folder .
13 silly lockFile 1f1177db-tar tar://.
14 verbose lock tar://. /home/ubuntu/.npm/1f1177db-tar.lock
15 silly lockFile 61652a5f-13372-0-9402745941188186-tmp-tgz tar:///home/ubuntu/tmp/npm-16776-sLGLQ-zc/1455309513372-0.9402745941188186/tmp.tgz
16 verbose lock tar:///home/ubuntu/tmp/npm-16776-sLGLQ-zc/1455309513372-0.9402745941188186/tmp.tgz /home/ubuntu/.npm/61652a5f-13372-0-9402745941188186-tmp-tgz.lock
17 silly lockFile 1f1177db-tar tar://.
18 silly lockFile 1f1177db-tar tar://.
19 silly lockFile 61652a5f-13372-0-9402745941188186-tmp-tgz tar:///home/ubuntu/tmp/npm-16776-sLGLQ-zc/1455309513372-0.9402745941188186/tmp.tgz
20 silly lockFile 61652a5f-13372-0-9402745941188186-tmp-tgz tar:///home/ubuntu/tmp/npm-16776-sLGLQ-zc/1455309513372-0.9402745941188186/tmp.tgz
21 verbose tar unpack /home/ubuntu/tmp/npm-16776-sLGLQ-zc/1455309513372-0.9402745941188186/tmp.tgz
22 silly lockFile 55472674-13372-0-9402745941188186-package tar:///home/ubuntu/tmp/npm-16776-sLGLQ-zc/1455309513372-0.9402745941188186/package
23 verbose lock tar:///home/ubuntu/tmp/npm-16776-sLGLQ-zc/1455309513372-0.9402745941188186/package /home/ubuntu/.npm/55472674-13372-0-9402745941188186-package.lock
24 silly lockFile 61652a5f-13372-0-9402745941188186-tmp-tgz tar:///home/ubuntu/tmp/npm-16776-sLGLQ-zc/1455309513372-0.9402745941188186/tmp.tgz
25 verbose lock tar:///home/ubuntu/tmp/npm-16776-sLGLQ-zc/1455309513372-0.9402745941188186/tmp.tgz /home/ubuntu/.npm/61652a5f-13372-0-9402745941188186-tmp-tgz.lock
26 silly gunzTarPerm modes [ '755', '644' ]
27 silly gunzTarPerm extractEntry package.json
28 silly gunzTarPerm modified mode [ 'package.json', 436, 420 ]
29 silly gunzTarPerm extractEntry server.js
30 silly gunzTarPerm modified mode [ 'server.js', 436, 420 ]
31 silly lockFile 55472674-13372-0-9402745941188186-package tar:///home/ubuntu/tmp/npm-16776-sLGLQ-zc/1455309513372-0.9402745941188186/package
32 silly lockFile 55472674-13372-0-9402745941188186-package tar:///home/ubuntu/tmp/npm-16776-sLGLQ-zc/1455309513372-0.9402745941188186/package
33 silly lockFile 61652a5f-13372-0-9402745941188186-tmp-tgz tar:///home/ubuntu/tmp/npm-16776-sLGLQ-zc/1455309513372-0.9402745941188186/tmp.tgz
34 silly lockFile 61652a5f-13372-0-9402745941188186-tmp-tgz tar:///home/ubuntu/tmp/npm-16776-sLGLQ-zc/1455309513372-0.9402745941188186/tmp.tgz
35 verbose tar pack [ '/home/ubuntu/.npm/leads/1.0.0/package.tgz',
35 verbose tar pack   '/home/ubuntu/tmp/npm-16776-sLGLQ-zc/1455309513372-0.9402745941188186/package' ]
36 verbose tarball /home/ubuntu/.npm/leads/1.0.0/package.tgz
37 verbose folder /home/ubuntu/tmp/npm-16776-sLGLQ-zc/1455309513372-0.9402745941188186/package
38 silly lockFile 55472674-13372-0-9402745941188186-package tar:///home/ubuntu/tmp/npm-16776-sLGLQ-zc/1455309513372-0.9402745941188186/package
39 verbose lock tar:///home/ubuntu/tmp/npm-16776-sLGLQ-zc/1455309513372-0.9402745941188186/package /home/ubuntu/.npm/55472674-13372-0-9402745941188186-package.lock
40 silly lockFile 4a4c414b-untu-npm-leads-1-0-0-package-tgz tar:///home/ubuntu/.npm/leads/1.0.0/package.tgz
41 verbose lock tar:///home/ubuntu/.npm/leads/1.0.0/package.tgz /home/ubuntu/.npm/4a4c414b-untu-npm-leads-1-0-0-package-tgz.lock
42 silly lockFile 55472674-13372-0-9402745941188186-package tar:///home/ubuntu/tmp/npm-16776-sLGLQ-zc/1455309513372-0.9402745941188186/package
43 silly lockFile 55472674-13372-0-9402745941188186-package tar:///home/ubuntu/tmp/npm-16776-sLGLQ-zc/1455309513372-0.9402745941188186/package
44 silly lockFile 4a4c414b-untu-npm-leads-1-0-0-package-tgz tar:///home/ubuntu/.npm/leads/1.0.0/package.tgz
45 silly lockFile 4a4c414b-untu-npm-leads-1-0-0-package-tgz tar:///home/ubuntu/.npm/leads/1.0.0/package.tgz
46 silly lockFile 02e4cf7c-e-ubuntu-npm-leads-1-0-0-package /home/ubuntu/.npm/leads/1.0.0/package
47 verbose lock /home/ubuntu/.npm/leads/1.0.0/package /home/ubuntu/.npm/02e4cf7c-e-ubuntu-npm-leads-1-0-0-package.lock
48 silly lockFile 02e4cf7c-e-ubuntu-npm-leads-1-0-0-package /home/ubuntu/.npm/leads/1.0.0/package
49 silly lockFile 02e4cf7c-e-ubuntu-npm-leads-1-0-0-package /home/ubuntu/.npm/leads/1.0.0/package
50 verbose tar unpack /home/ubuntu/.npm/leads/1.0.0/package.tgz
51 silly lockFile e7cf2118-e-ubuntu-npm-leads-1-0-0-package tar:///home/ubuntu/.npm/leads/1.0.0/package
52 verbose lock tar:///home/ubuntu/.npm/leads/1.0.0/package /home/ubuntu/.npm/e7cf2118-e-ubuntu-npm-leads-1-0-0-package.lock
53 silly lockFile 4a4c414b-untu-npm-leads-1-0-0-package-tgz tar:///home/ubuntu/.npm/leads/1.0.0/package.tgz
54 verbose lock tar:///home/ubuntu/.npm/leads/1.0.0/package.tgz /home/ubuntu/.npm/4a4c414b-untu-npm-leads-1-0-0-package-tgz.lock
55 silly gunzTarPerm modes [ '755', '644' ]
56 silly gunzTarPerm extractEntry package.json
57 silly gunzTarPerm extractEntry server.js
58 silly lockFile e7cf2118-e-ubuntu-npm-leads-1-0-0-package tar:///home/ubuntu/.npm/leads/1.0.0/package
59 silly lockFile e7cf2118-e-ubuntu-npm-leads-1-0-0-package tar:///home/ubuntu/.npm/leads/1.0.0/package
60 silly lockFile 4a4c414b-untu-npm-leads-1-0-0-package-tgz tar:///home/ubuntu/.npm/leads/1.0.0/package.tgz
61 silly lockFile 4a4c414b-untu-npm-leads-1-0-0-package-tgz tar:///home/ubuntu/.npm/leads/1.0.0/package.tgz
62 verbose chmod /home/ubuntu/.npm/leads/1.0.0/package.tgz 644
63 verbose chown /home/ubuntu/.npm/leads/1.0.0/package.tgz [ 1000, 1000 ]
64 silly lockFile 3a52ce78- .
65 silly lockFile 3a52ce78- .
66 silly publish { name: 'leads',
66 silly publish   version: '1.0.0',
66 silly publish   description: 'first try at leads manager',
66 silly publish   main: 'server.js',
66 silly publish   scripts:
66 silly publish    { test: 'echo "Error: no test specified" && exit 1',
66 silly publish      start: 'node server.js' },
66 silly publish   repository:
66 silly publish    { type: 'git',
66 silly publish      url: 'https://github.com/convertedmedia/leads.git' },
66 silly publish   author: { name: 'Gabriel Rubinstein' },
66 silly publish   license: 'BSD-2-Clause',
66 silly publish   bugs: { url: 'https://github.com/convertedmedia/leads/issues' },
66 silly publish   dependencies: { express: '~4.10.2' },
66 silly publish   readme: 'ERROR: No README data found!',
66 silly publish   _id: 'leads@1.0.0',
66 silly publish   dist: { shasum: '273343c0c4b6c89b915bbe7e036b40c3e1764fd7' },
66 silly publish   _from: '.' }
67 error need auth auth and email required for publishing
67 error need auth You need to authorize this machine using `npm adduser`
68 error System Linux 3.13.0-74-generic
69 error command "/usr/bin/nodejs" "/usr/bin/npm" "publish"
70 error cwd /home/ubuntu/leads
71 error node -v v0.10.25
72 error npm -v 1.3.10
73 error code ENEEDAUTH
74 verbose exit [ 1, true ]
